<?xml version="1.0" encoding="UTF-8"?>
<!-- Generated by org.testng.reporters.JUnitReportReporter -->
<testsuite hostname="DESKTOP-B8LB99J" failures="0" tests="1" name="radioButtonDemo.SelectradioButton" time="4.871" errors="0" timestamp="14 Mar 2018 04:51:00 GMT" skipped="0">
  <testcase classname="radioButtonDemo.SelectradioButton" name="openBrowswer" time="4.871"/>
</testsuite> <!-- radioButtonDemo.SelectradioButton -->
