<?xml version="1.0" encoding="UTF-8"?>
<!-- Generated by org.testng.reporters.JUnitReportReporter -->
<testsuite hostname="DESKTOP-B8LB99J" failures="0" tests="1" name="handlehiddenwebelementsDemo.SelectradioButton" time="4.928" errors="0" timestamp="14 Mar 2018 05:23:15 GMT" skipped="0">
  <testcase classname="handlehiddenwebelementsDemo.SelectradioButton" name="openBrowswer" time="4.928"/>
</testsuite> <!-- handlehiddenwebelementsDemo.SelectradioButton -->
