<?xml version="1.0" encoding="UTF-8"?>
<!-- Generated by org.testng.reporters.JUnitReportReporter -->
<testsuite hostname="DESKTOP-B8LB99J" failures="0" tests="1" name="com.screenshort.FacebookScreenShort" time="4.064" errors="0" timestamp="11 Mar 2018 06:22:46 GMT" skipped="0">
  <testcase classname="com.screenshort.FacebookScreenShort" name="takeScreenShorts" time="4.064"/>
</testsuite> <!-- com.screenshort.FacebookScreenShort -->
