<?xml version="1.0" encoding="UTF-8"?>
<!-- Generated by org.testng.reporters.JUnitReportReporter -->
<testsuite hostname="DESKTOP-B8LB99J" failures="0" tests="1" name="com.screenshort.TakeScreenShort" time="0.150" errors="0" timestamp="03 Mar 2018 01:24:30 GMT" skipped="0">
  <testcase classname="com.screenshort.TakeScreenShort" name="takeScreenShorts" time="0.150"/>
</testsuite> <!-- com.screenshort.TakeScreenShort -->
